[debug] [2021-11-30T18:54:49.011Z] ----------------------------------------------------------------------
[debug] [2021-11-30T18:54:49.051Z] Command:       C:\Program Files (x86)\nodejs\node.exe C:\Users\Maria\AppData\Roaming\npm\node_modules\firebase-tools\lib\bin\firebase.js deploy
[debug] [2021-11-30T18:54:49.051Z] CLI Version:   9.23.0
[debug] [2021-11-30T18:54:49.051Z] Platform:      win32
[debug] [2021-11-30T18:54:49.051Z] Node Version:  v13.14.0
[debug] [2021-11-30T18:54:49.271Z] Time:          Wed Dec 01 2021 00:54:49 GMT+0600 (Bangladesh Standard Time)
[debug] [2021-11-30T18:54:49.271Z] ----------------------------------------------------------------------
[debug] 
[debug] [2021-11-30T18:54:49.281Z] >>> [apiv2][query] GET https://firebase-public.firebaseio.com/cli.json [none]
[debug] [2021-11-30T18:54:49.593Z] > command requires scopes: ["email","openid","https://www.googleapis.com/auth/cloudplatformprojects.readonly","https://www.googleapis.com/auth/firebase","https://www.googleapis.com/auth/cloud-platform"]
[debug] [2021-11-30T18:54:49.593Z] > authorizing via signed-in user (mariamim266@gmail.com)
[debug] [2021-11-30T18:54:49.593Z] [iam] checking project mariamimportfolio for permissions ["firebase.projects.get","firebasehosting.sites.update"]
[debug] [2021-11-30T18:54:49.593Z] > refreshing access token with scopes: ["email","https://www.googleapis.com/auth/cloud-platform","https://www.googleapis.com/auth/cloudplatformprojects.readonly","https://www.googleapis.com/auth/firebase","openid"]
[debug] [2021-11-30T18:54:49.593Z] >>> HTTP REQUEST POST https://www.googleapis.com/oauth2/v3/token  
 <request body omitted>
[debug] [2021-11-30T18:54:49.805Z] [iam] error while checking permissions, command may fail: FirebaseError: Authentication Error: Your credentials are no longer valid. Please run firebase login --reauth

For CI servers and headless environments, generate a new token with firebase login:ci
[debug] [2021-11-30T18:54:49.805Z] > refreshing access token with scopes: []
[debug] [2021-11-30T18:54:49.805Z] >>> HTTP REQUEST POST https://www.googleapis.com/oauth2/v3/token  
 <request body omitted>
[debug] [2021-11-30T18:54:49.858Z] Authentication Error: Your credentials are no longer valid. Please run firebase login --reauth

For CI servers and headless environments, generate a new token with firebase login:ci
[debug] [2021-11-30T18:54:49.906Z] FirebaseError: Authentication Error: Your credentials are no longer valid. Please run firebase login --reauth

For CI servers and headless environments, generate a new token with firebase login:ci
    at invalidCredentialError (C:\Users\Maria\AppData\Roaming\npm\node_modules\firebase-tools\lib\auth.js:141:12)
    at refreshTokens (C:\Users\Maria\AppData\Roaming\npm\node_modules\firebase-tools\lib\auth.js:448:15)
    at processTicksAndRejections (internal/process/task_queues.js:97:5)
[error] 
[error] Error: Failed to get Firebase project mariamimportfolio. Please make sure the project exists and your account has permission to access it.
